TN:
SF:src\router.ts
FN:23,(anonymous_0)
FN:35,(anonymous_1)
FNF:2
FNH:2
FNDA:4,(anonymous_0)
FNDA:5,(anonymous_1)
DA:1,2
DA:2,2
DA:3,2
DA:4,2
DA:6,2
DA:9,2
DA:10,2
DA:16,2
DA:23,4
DA:28,2
DA:35,5
DA:42,2
DA:48,2
DA:54,2
LF:14
LH:14
BRF:0
BRH:0
end_of_record
TN:
SF:src\server.ts
FN:8,connectDB
FN:29,(anonymous_2)
FNF:2
FNH:2
FNDA:3,connectDB
FNDA:1,(anonymous_2)
DA:1,2
DA:2,2
DA:3,2
DA:4,2
DA:5,2
DA:8,2
DA:9,3
DA:10,3
DA:11,2
DA:12,2
DA:15,1
DA:16,1
DA:19,2
DA:22,2
DA:25,2
DA:27,2
DA:29,2
DA:30,1
DA:33,2
LF:19
LH:19
BRF:0
BRH:0
end_of_record
TN:
SF:src\config\db.ts
FNF:0
FNH:0
DA:1,2
DA:2,2
DA:3,2
DA:5,2
DA:10,2
LF:5
LH:5
BRF:0
BRH:0
end_of_record
TN:
SF:src\handlers\product.ts
FN:5,(anonymous_1)
FN:18,(anonymous_2)
FN:34,(anonymous_3)
FN:43,(anonymous_4)
FN:62,(anonymous_5)
FN:79,(anonymous_6)
FNF:6
FNH:6
FNDA:2,(anonymous_1)
FNDA:2,(anonymous_2)
FNDA:1,(anonymous_3)
FNDA:2,(anonymous_4)
FNDA:2,(anonymous_5)
FNDA:2,(anonymous_6)
DA:2,2
DA:3,2
DA:5,2
DA:6,2
DA:7,2
DA:12,2
DA:14,0
DA:18,2
DA:19,2
DA:20,2
DA:21,2
DA:22,2
DA:23,1
DA:28,1
DA:30,0
DA:34,2
DA:35,1
DA:36,1
DA:37,1
DA:39,0
DA:43,2
DA:45,2
DA:46,2
DA:48,2
DA:49,1
DA:56,1
DA:57,1
DA:59,1
DA:62,2
DA:64,2
DA:65,2
DA:67,2
DA:68,1
DA:74,1
DA:75,1
DA:76,1
DA:79,2
DA:81,2
DA:82,2
DA:84,2
DA:85,1
DA:90,1
DA:91,1
LF:43
LH:40
BRDA:22,0,0,1
BRDA:48,1,0,1
BRDA:67,2,0,1
BRDA:84,3,0,1
BRF:4
BRH:4
end_of_record
TN:
SF:src\middleware\index.ts
FN:4,(anonymous_0)
FNF:1
FNH:1
FNDA:17,(anonymous_0)
DA:2,2
DA:4,2
DA:6,17
DA:7,17
DA:8,8
DA:11,9
LF:6
LH:6
BRDA:7,0,0,8
BRF:1
BRH:1
end_of_record
TN:
SF:src\models\Product.ts
FNF:0
FNH:0
DA:1,3
DA:7,3
DA:11,3
DA:15,3
DA:21,3
DA:24,3
LF:6
LH:6
BRF:0
BRH:0
end_of_record
